# JRE version: Java(TM) SE Runtime Environment (8.0_151-b12) (build 1.8.0_151-b12)
# Java VM: Java HotSpot(TM) 64-Bit Server VM (25.151-b12 mixed mode linux-amd64 compressed oops)
Heap:
 PSYoungGen      total 506880K, used 94009K [0x0000000718b00000, 0x000000073d200000, 0x00000007c0000000)
  eden space 457728K, 12% used [0x0000000718b00000,0x000000071c20df30,0x0000000734a00000)
  from space 49152K, 76% used [0x0000000734a00000,0x0000000736ec06b8,0x0000000737a00000)
  to   space 49664K, 0% used [0x000000073a180000,0x000000073a180000,0x000000073d200000)
 ParOldGen       total 914432K, used 69358K [0x00000005ca000000, 0x0000000601d00000, 0x0000000718b00000)
  object space 914432K, 7% used [0x00000005ca000000,0x00000005ce3bbb38,0x0000000601d00000)
 Metaspace       used 112066K, capacity 121736K, committed 121984K, reserved 1155072K
  class space    used 13089K, capacity 15952K, committed 16000K, reserved 1048576K
GC Heap History (10 events):
Event: 25,882 GC heap before
{Heap before GC invocations=21 (full 4):
 PSYoungGen      total 411136K, used 404936K [0x0000000718b00000, 0x0000000734d00000, 0x00000007c0000000)
  eden space 369152K, 100% used [0x0000000718b00000,0x000000072f380000,0x000000072f380000)
  from space 41984K, 85% used [0x0000000731e00000,0x00000007340f2258,0x0000000734700000)
  to   space 43520K, 0% used [0x000000072f380000,0x000000072f380000,0x0000000731e00000)
 ParOldGen       total 914432K, used 69318K [0x00000005ca000000, 0x0000000601d00000, 0x0000000718b00000)
  object space 914432K, 7% used [0x00000005ca000000,0x00000005ce3b1b38,0x0000000601d00000)
 Metaspace       used 106433K, capacity 115770K, committed 115968K, reserved 1150976K
  class space    used 12533K, capacity 15306K, committed 15360K, reserved 1048576K
Event: 25,899 GC heap after
Heap after GC invocations=21 (full 4):
 PSYoungGen      total 412672K, used 36264K [0x0000000718b00000, 0x0000000737800000, 0x00000007c0000000)
  eden space 369152K, 0% used [0x0000000718b00000,0x0000000718b00000,0x000000072f380000)
  from space 43520K, 83% used [0x000000072f380000,0x00000007316ea050,0x0000000731e00000)
  to   space 45056K, 0% used [0x0000000734c00000,0x0000000734c00000,0x0000000737800000)
 ParOldGen       total 914432K, used 69326K [0x00000005ca000000, 0x0000000601d00000, 0x0000000718b00000)
  object space 914432K, 7% used [0x00000005ca000000,0x00000005ce3b3b38,0x0000000601d00000)
 Metaspace       used 106433K, capacity 115770K, committed 115968K, reserved 1150976K
  class space    used 12533K, capacity 15306K, committed 15360K, reserved 1048576K
}
Event: 26,756 GC heap before
{Heap before GC invocations=22 (full 4):
 PSYoungGen      total 412672K, used 405416K [0x0000000718b00000, 0x0000000737800000, 0x00000007c0000000)
  eden space 369152K, 100% used [0x0000000718b00000,0x000000072f380000,0x000000072f380000)
  from space 43520K, 83% used [0x000000072f380000,0x00000007316ea050,0x0000000731e00000)
  to   space 45056K, 0% used [0x0000000734c00000,0x0000000734c00000,0x0000000737800000)
 ParOldGen       total 914432K, used 69326K [0x00000005ca000000, 0x0000000601d00000, 0x0000000718b00000)
  object space 914432K, 7% used [0x00000005ca000000,0x00000005ce3b3b38,0x0000000601d00000)
 Metaspace       used 106469K, capacity 115770K, committed 115968K, reserved 1150976K
  class space    used 12533K, capacity 15306K, committed 15360K, reserved 1048576K
Event: 26,784 GC heap after
Heap after GC invocations=22 (full 4):
 PSYoungGen      total 458240K, used 37421K [0x0000000718b00000, 0x0000000737f80000, 0x00000007c0000000)
  eden space 413184K, 0% used [0x0000000718b00000,0x0000000718b00000,0x0000000731e80000)
  from space 45056K, 83% used [0x0000000734c00000,0x000000073708b7d0,0x0000000737800000)
  to   space 46592K, 0% used [0x0000000731e80000,0x0000000731e80000,0x0000000734c00000)
 ParOldGen       total 914432K, used 69334K [0x00000005ca000000, 0x0000000601d00000, 0x0000000718b00000)
  object space 914432K, 7% used [0x00000005ca000000,0x00000005ce3b5b38,0x0000000601d00000)
 Metaspace       used 106469K, capacity 115770K, committed 115968K, reserved 1150976K
  class space    used 12533K, capacity 15306K, committed 15360K, reserved 1048576K
}
Event: 27,850 GC heap before
{Heap before GC invocations=23 (full 4):
 PSYoungGen      total 458240K, used 450605K [0x0000000718b00000, 0x0000000737f80000, 0x00000007c0000000)
  eden space 413184K, 100% used [0x0000000718b00000,0x0000000731e80000,0x0000000731e80000)
  from space 45056K, 83% used [0x0000000734c00000,0x000000073708b7d0,0x0000000737800000)
  to   space 46592K, 0% used [0x0000000731e80000,0x0000000731e80000,0x0000000734c00000)
 ParOldGen       total 914432K, used 69334K [0x00000005ca000000, 0x0000000601d00000, 0x0000000718b00000)
  object space 914432K, 7% used [0x00000005ca000000,0x00000005ce3b5b38,0x0000000601d00000)
 Metaspace       used 106601K, capacity 115994K, committed 116224K, reserved 1150976K
  class space    used 12537K, capacity 15338K, committed 15360K, reserved 1048576K
Event: 27,870 GC heap after
Heap after GC invocations=23 (full 4):
 PSYoungGen      total 459776K, used 38356K [0x0000000718b00000, 0x000000073b180000, 0x00000007c0000000)
  eden space 413184K, 0% used [0x0000000718b00000,0x0000000718b00000,0x0000000731e80000)
  from space 46592K, 82% used [0x0000000731e80000,0x00000007343f53c8,0x0000000734c00000)
  to   space 48128K, 0% used [0x0000000738280000,0x0000000738280000,0x000000073b180000)
 ParOldGen       total 914432K, used 69342K [0x00000005ca000000, 0x0000000601d00000, 0x0000000718b00000)
  object space 914432K, 7% used [0x00000005ca000000,0x00000005ce3b7b38,0x0000000601d00000)
 Metaspace       used 106601K, capacity 115994K, committed 116224K, reserved 1150976K
  class space    used 12537K, capacity 15338K, committed 15360K, reserved 1048576K
}
Event: 168,489 GC heap before
{Heap before GC invocations=24 (full 4):
 PSYoungGen      total 459776K, used 451540K [0x0000000718b00000, 0x000000073b180000, 0x00000007c0000000)
  eden space 413184K, 100% used [0x0000000718b00000,0x0000000731e80000,0x0000000731e80000)
  from space 46592K, 82% used [0x0000000731e80000,0x00000007343f53c8,0x0000000734c00000)
  to   space 48128K, 0% used [0x0000000738280000,0x0000000738280000,0x000000073b180000)
 ParOldGen       total 914432K, used 69342K [0x00000005ca000000, 0x0000000601d00000, 0x0000000718b00000)
  object space 914432K, 7% used [0x00000005ca000000,0x00000005ce3b7b38,0x0000000601d00000)
 Metaspace       used 108402K, capacity 117846K, committed 118016K, reserved 1150976K
  class space    used 12691K, capacity 15490K, committed 15616K, reserved 1048576K
Event: 168,505 GC heap after
Heap after GC invocations=24 (full 4):
 PSYoungGen      total 498176K, used 38358K [0x0000000718b00000, 0x000000073aa00000, 0x00000007c0000000)
  eden space 457728K, 0% used [0x0000000718b00000,0x0000000718b00000,0x0000000734a00000)
  from space 40448K, 94% used [0x0000000738280000,0x000000073a7f5820,0x000000073aa00000)
  to   space 49152K, 0% used [0x0000000734a00000,0x0000000734a00000,0x0000000737a00000)
 ParOldGen       total 914432K, used 69350K [0x00000005ca000000, 0x0000000601d00000, 0x0000000718b00000)
  object space 914432K, 7% used [0x00000005ca000000,0x00000005ce3b9b38,0x0000000601d00000)
 Metaspace       used 108402K, capacity 117846K, committed 118016K, reserved 1150976K
  class space    used 12691K, capacity 15490K, committed 15616K, reserved 1048576K
}
Event: 425,413 GC heap before
{Heap before GC invocations=25 (full 4):
 PSYoungGen      total 498176K, used 496086K [0x0000000718b00000, 0x000000073aa00000, 0x00000007c0000000)
  eden space 457728K, 100% used [0x0000000718b00000,0x0000000734a00000,0x0000000734a00000)
  from space 40448K, 94% used [0x0000000738280000,0x000000073a7f5820,0x000000073aa00000)
  to   space 49152K, 0% used [0x0000000734a00000,0x0000000734a00000,0x0000000737a00000)
 ParOldGen       total 914432K, used 69350K [0x00000005ca000000, 0x0000000601d00000, 0x0000000718b00000)
  object space 914432K, 7% used [0x00000005ca000000,0x00000005ce3b9b38,0x0000000601d00000)
 Metaspace       used 110526K, capacity 119928K, committed 120192K, reserved 1153024K
  class space    used 12896K, capacity 15702K, committed 15744K, reserved 1048576K
Event: 425,434 GC heap after
Heap after GC invocations=25 (full 4):
 PSYoungGen      total 506880K, used 37633K [0x0000000718b00000, 0x000000073d200000, 0x00000007c0000000)
  eden space 457728K, 0% used [0x0000000718b00000,0x0000000718b00000,0x0000000734a00000)
  from space 49152K, 76% used [0x0000000734a00000,0x0000000736ec06b8,0x0000000737a00000)
  to   space 49664K, 0% used [0x000000073a180000,0x000000073a180000,0x000000073d200000)
 ParOldGen       total 914432K, used 69358K [0x00000005ca000000, 0x0000000601d00000, 0x0000000718b00000)
  object space 914432K, 7% used [0x00000005ca000000,0x00000005ce3bbb38,0x0000000601d00000)
 Metaspace       used 110526K, capacity 119928K, committed 120192K, reserved 1153024K
  class space    used 12896K, capacity 15702K, committed 15744K, reserved 1048576K
}

