# JRE version: Java(TM) SE Runtime Environment (8.0_151-b12) (build 1.8.0_151-b12)
# Java VM: Java HotSpot(TM) 64-Bit Server VM (25.151-b12 mixed mode linux-amd64 compressed oops)
Heap:
 PSYoungGen      total 886784K, used 480449K [0x0000000718b00000, 0x0000000752100000, 0x00000007c0000000)
  eden space 849920K, 53% used [0x0000000718b00000,0x0000000734ad05b8,0x000000074c900000)
  from space 36864K, 59% used [0x000000074fd00000,0x00000007512601f0,0x0000000752100000)
  to   space 45056K, 0% used [0x000000074c900000,0x000000074c900000,0x000000074f500000)
 ParOldGen       total 849920K, used 109797K [0x00000005ca000000, 0x00000005fde00000, 0x0000000718b00000)
  object space 849920K, 12% used [0x00000005ca000000,0x00000005d0b39750,0x00000005fde00000)
 Metaspace       used 113527K, capacity 123480K, committed 123648K, reserved 1157120K
  class space    used 13133K, capacity 16065K, committed 16128K, reserved 1048576K
GC Heap History (10 events):
Event: 221,084 GC heap before
{Heap before GC invocations=26 (full 4):
 PSYoungGen      total 774656K, used 763789K [0x0000000718b00000, 0x000000074e800000, 0x00000007c0000000)
  eden space 727552K, 100% used [0x0000000718b00000,0x0000000745180000,0x0000000745180000)
  from space 47104K, 76% used [0x0000000745180000,0x00000007474e3638,0x0000000747f80000)
  to   space 48128K, 0% used [0x000000074b900000,0x000000074b900000,0x000000074e800000)
 ParOldGen       total 849920K, used 95575K [0x00000005ca000000, 0x00000005fde00000, 0x0000000718b00000)
  object space 849920K, 11% used [0x00000005ca000000,0x00000005cfd55fa8,0x00000005fde00000)
 Metaspace       used 110924K, capacity 120872K, committed 120960K, reserved 1155072K
  class space    used 12876K, capacity 15706K, committed 15744K, reserved 1048576K
Event: 221,100 GC heap after
Heap after GC invocations=26 (full 4):
 PSYoungGen      total 808960K, used 32770K [0x0000000718b00000, 0x000000074db80000, 0x00000007c0000000)
  eden space 773632K, 0% used [0x0000000718b00000,0x0000000718b00000,0x0000000747e80000)
  from space 35328K, 92% used [0x000000074b900000,0x000000074d900a28,0x000000074db80000)
  to   space 47616K, 0% used [0x0000000747e80000,0x0000000747e80000,0x000000074ad00000)
 ParOldGen       total 849920K, used 95583K [0x00000005ca000000, 0x00000005fde00000, 0x0000000718b00000)
  object space 849920K, 11% used [0x00000005ca000000,0x00000005cfd57fa8,0x00000005fde00000)
 Metaspace       used 110924K, capacity 120872K, committed 120960K, reserved 1155072K
  class space    used 12876K, capacity 15706K, committed 15744K, reserved 1048576K
}
Event: 224,706 GC heap before
{Heap before GC invocations=27 (full 4):
 PSYoungGen      total 808960K, used 806402K [0x0000000718b00000, 0x000000074db80000, 0x00000007c0000000)
  eden space 773632K, 100% used [0x0000000718b00000,0x0000000747e80000,0x0000000747e80000)
  from space 35328K, 92% used [0x000000074b900000,0x000000074d900a28,0x000000074db80000)
  to   space 47616K, 0% used [0x0000000747e80000,0x0000000747e80000,0x000000074ad00000)
 ParOldGen       total 849920K, used 95583K [0x00000005ca000000, 0x00000005fde00000, 0x0000000718b00000)
  object space 849920K, 11% used [0x00000005ca000000,0x00000005cfd57fa8,0x00000005fde00000)
 Metaspace       used 110988K, capacity 120872K, committed 120960K, reserved 1155072K
  class space    used 12876K, capacity 15706K, committed 15744K, reserved 1048576K
Event: 224,726 GC heap after
Heap after GC invocations=27 (full 4):
 PSYoungGen      total 821248K, used 34840K [0x0000000718b00000, 0x0000000750600000, 0x00000007c0000000)
  eden space 773632K, 0% used [0x0000000718b00000,0x0000000718b00000,0x0000000747e80000)
  from space 47616K, 73% used [0x0000000747e80000,0x000000074a0862d0,0x000000074ad00000)
  to   space 47616K, 0% used [0x000000074d780000,0x000000074d780000,0x0000000750600000)
 ParOldGen       total 849920K, used 95591K [0x00000005ca000000, 0x00000005fde00000, 0x0000000718b00000)
  object space 849920K, 11% used [0x00000005ca000000,0x00000005cfd59fa8,0x00000005fde00000)
 Metaspace       used 110988K, capacity 120872K, committed 120960K, reserved 1155072K
  class space    used 12876K, capacity 15706K, committed 15744K, reserved 1048576K
}
Event: 225,995 GC heap before
{Heap before GC invocations=28 (full 4):
 PSYoungGen      total 821248K, used 808472K [0x0000000718b00000, 0x0000000750600000, 0x00000007c0000000)
  eden space 773632K, 100% used [0x0000000718b00000,0x0000000747e80000,0x0000000747e80000)
  from space 47616K, 73% used [0x0000000747e80000,0x000000074a0862d0,0x000000074ad00000)
  to   space 47616K, 0% used [0x000000074d780000,0x000000074d780000,0x0000000750600000)
 ParOldGen       total 849920K, used 95591K [0x00000005ca000000, 0x00000005fde00000, 0x0000000718b00000)
  object space 849920K, 11% used [0x00000005ca000000,0x00000005cfd59fa8,0x00000005fde00000)
 Metaspace       used 110993K, capacity 120872K, committed 120960K, reserved 1155072K
  class space    used 12876K, capacity 15706K, committed 15744K, reserved 1048576K
Event: 226,013 GC heap after
Heap after GC invocations=28 (full 4):
 PSYoungGen      total 866304K, used 29821K [0x0000000718b00000, 0x0000000750700000, 0x00000007c0000000)
  eden space 818688K, 0% used [0x0000000718b00000,0x0000000718b00000,0x000000074aa80000)
  from space 47616K, 62% used [0x000000074d780000,0x000000074f49f6e8,0x0000000750600000)
  to   space 46080K, 0% used [0x000000074aa80000,0x000000074aa80000,0x000000074d780000)
 ParOldGen       total 849920K, used 101953K [0x00000005ca000000, 0x00000005fde00000, 0x0000000718b00000)
  object space 849920K, 11% used [0x00000005ca000000,0x00000005d03904a0,0x00000005fde00000)
 Metaspace       used 110993K, capacity 120872K, committed 120960K, reserved 1155072K
  class space    used 12876K, capacity 15706K, committed 15744K, reserved 1048576K
}
Event: 227,395 GC heap before
{Heap before GC invocations=29 (full 4):
 PSYoungGen      total 866304K, used 848509K [0x0000000718b00000, 0x0000000750700000, 0x00000007c0000000)
  eden space 818688K, 100% used [0x0000000718b00000,0x000000074aa80000,0x000000074aa80000)
  from space 47616K, 62% used [0x000000074d780000,0x000000074f49f6e8,0x0000000750600000)
  to   space 46080K, 0% used [0x000000074aa80000,0x000000074aa80000,0x000000074d780000)
 ParOldGen       total 849920K, used 101953K [0x00000005ca000000, 0x00000005fde00000, 0x0000000718b00000)
  object space 849920K, 11% used [0x00000005ca000000,0x00000005d03904a0,0x00000005fde00000)
 Metaspace       used 111006K, capacity 120936K, committed 121216K, reserved 1155072K
  class space    used 12876K, capacity 15706K, committed 15744K, reserved 1048576K
Event: 227,413 GC heap after
Heap after GC invocations=29 (full 4):
 PSYoungGen      total 864768K, used 26448K [0x0000000718b00000, 0x0000000752900000, 0x00000007c0000000)
  eden space 818688K, 0% used [0x0000000718b00000,0x0000000718b00000,0x000000074aa80000)
  from space 46080K, 57% used [0x000000074aa80000,0x000000074c454118,0x000000074d780000)
  to   space 45056K, 0% used [0x000000074fd00000,0x000000074fd00000,0x0000000752900000)
 ParOldGen       total 849920K, used 106093K [0x00000005ca000000, 0x00000005fde00000, 0x0000000718b00000)
  object space 849920K, 12% used [0x00000005ca000000,0x00000005d079b750,0x00000005fde00000)
 Metaspace       used 111006K, capacity 120936K, committed 121216K, reserved 1155072K
  class space    used 12876K, capacity 15706K, committed 15744K, reserved 1048576K
}
Event: 245,960 GC heap before
{Heap before GC invocations=30 (full 4):
 PSYoungGen      total 864768K, used 845136K [0x0000000718b00000, 0x0000000752900000, 0x00000007c0000000)
  eden space 818688K, 100% used [0x0000000718b00000,0x000000074aa80000,0x000000074aa80000)
  from space 46080K, 57% used [0x000000074aa80000,0x000000074c454118,0x000000074d780000)
  to   space 45056K, 0% used [0x000000074fd00000,0x000000074fd00000,0x0000000752900000)
 ParOldGen       total 849920K, used 106093K [0x00000005ca000000, 0x00000005fde00000, 0x0000000718b00000)
  object space 849920K, 12% used [0x00000005ca000000,0x00000005d079b750,0x00000005fde00000)
 Metaspace       used 111107K, capacity 120936K, committed 121216K, reserved 1155072K
  class space    used 12876K, capacity 15706K, committed 15744K, reserved 1048576K
Event: 245,977 GC heap after
Heap after GC invocations=30 (full 4):
 PSYoungGen      total 886784K, used 21888K [0x0000000718b00000, 0x0000000752100000, 0x00000007c0000000)
  eden space 849920K, 0% used [0x0000000718b00000,0x0000000718b00000,0x000000074c900000)
  from space 36864K, 59% used [0x000000074fd00000,0x00000007512601f0,0x0000000752100000)
  to   space 45056K, 0% used [0x000000074c900000,0x000000074c900000,0x000000074f500000)
 ParOldGen       total 849920K, used 109797K [0x00000005ca000000, 0x00000005fde00000, 0x0000000718b00000)
  object space 849920K, 12% used [0x00000005ca000000,0x00000005d0b39750,0x00000005fde00000)
 Metaspace       used 111107K, capacity 120936K, committed 121216K, reserved 1155072K
  class space    used 12876K, capacity 15706K, committed 15744K, reserved 1048576K
}

