# JRE version: Java(TM) SE Runtime Environment (8.0_151-b12) (build 1.8.0_151-b12)
# Java VM: Java HotSpot(TM) 64-Bit Server VM (25.151-b12 mixed mode linux-amd64 compressed oops)
Heap:
 PSYoungGen      total 872960K, used 116176K [0x0000000718b00000, 0x000000076a400000, 0x00000007c0000000)
  eden space 854016K, 11% used [0x0000000718b00000,0x000000071e9f6b78,0x000000074cd00000)
  from space 18944K, 99% used [0x0000000769180000,0x000000076a3fd710,0x000000076a400000)
  to   space 26624K, 0% used [0x0000000767000000,0x0000000767000000,0x0000000768a00000)
 ParOldGen       total 909312K, used 161065K [0x00000005ca000000, 0x0000000601800000, 0x0000000718b00000)
  object space 909312K, 17% used [0x00000005ca000000,0x00000005d3d4a768,0x0000000601800000)
 Metaspace       used 118996K, capacity 129116K, committed 129280K, reserved 1161216K
  class space    used 13596K, capacity 16555K, committed 16640K, reserved 1048576K
GC Heap History (10 events):
Event: 1036,917 GC heap before
{Heap before GC invocations=62 (full 4):
 PSYoungGen      total 991232K, used 991206K [0x0000000718b00000, 0x000000076d700000, 0x00000007c0000000)
  eden space 976896K, 100% used [0x0000000718b00000,0x0000000754500000,0x0000000754500000)
  from space 14336K, 99% used [0x000000076ae00000,0x000000076bbf9910,0x000000076bc00000)
  to   space 27648K, 0% used [0x000000076bc00000,0x000000076bc00000,0x000000076d700000)
 ParOldGen       total 909312K, used 161017K [0x00000005ca000000, 0x0000000601800000, 0x0000000718b00000)
  object space 909312K, 17% used [0x00000005ca000000,0x00000005d3d3e768,0x0000000601800000)
 Metaspace       used 113948K, capacity 123670K, committed 123776K, reserved 1157120K
  class space    used 13132K, capacity 15964K, committed 16000K, reserved 1048576K
Event: 1036,930 GC heap after
Heap after GC invocations=62 (full 4):
 PSYoungGen      total 968704K, used 18184K [0x0000000718b00000, 0x000000076ce00000, 0x00000007c0000000)
  eden space 950272K, 0% used [0x0000000718b00000,0x0000000718b00000,0x0000000752b00000)
  from space 18432K, 98% used [0x000000076bc00000,0x000000076cdc2380,0x000000076ce00000)
  to   space 28672K, 0% used [0x0000000769600000,0x0000000769600000,0x000000076b200000)
 ParOldGen       total 909312K, used 161025K [0x00000005ca000000, 0x0000000601800000, 0x0000000718b00000)
  object space 909312K, 17% used [0x00000005ca000000,0x00000005d3d40768,0x0000000601800000)
 Metaspace       used 113948K, capacity 123670K, committed 123776K, reserved 1157120K
  class space    used 13132K, capacity 15964K, committed 16000K, reserved 1048576K
}
Event: 1083,638 GC heap before
{Heap before GC invocations=63 (full 4):
 PSYoungGen      total 968704K, used 968456K [0x0000000718b00000, 0x000000076ce00000, 0x00000007c0000000)
  eden space 950272K, 100% used [0x0000000718b00000,0x0000000752b00000,0x0000000752b00000)
  from space 18432K, 98% used [0x000000076bc00000,0x000000076cdc2380,0x000000076ce00000)
  to   space 28672K, 0% used [0x0000000769600000,0x0000000769600000,0x000000076b200000)
 ParOldGen       total 909312K, used 161025K [0x00000005ca000000, 0x0000000601800000, 0x0000000718b00000)
  object space 909312K, 17% used [0x00000005ca000000,0x00000005d3d40768,0x0000000601800000)
 Metaspace       used 114188K, capacity 123962K, committed 124032K, reserved 1157120K
  class space    used 13148K, capacity 15996K, committed 16000K, reserved 1048576K
Event: 1083,649 GC heap after
Heap after GC invocations=63 (full 4):
 PSYoungGen      total 940032K, used 15247K [0x0000000718b00000, 0x000000076bc80000, 0x00000007c0000000)
  eden space 924672K, 0% used [0x0000000718b00000,0x0000000718b00000,0x0000000751200000)
  from space 15360K, 99% used [0x0000000769600000,0x000000076a4e3c18,0x000000076a500000)
  to   space 24064K, 0% used [0x000000076a500000,0x000000076a500000,0x000000076bc80000)
 ParOldGen       total 909312K, used 161041K [0x00000005ca000000, 0x0000000601800000, 0x0000000718b00000)
  object space 909312K, 17% used [0x00000005ca000000,0x00000005d3d44768,0x0000000601800000)
 Metaspace       used 114188K, capacity 123962K, committed 124032K, reserved 1157120K
  class space    used 13148K, capacity 15996K, committed 16000K, reserved 1048576K
}
Event: 5399,904 GC heap before
{Heap before GC invocations=64 (full 4):
 PSYoungGen      total 940032K, used 939919K [0x0000000718b00000, 0x000000076bc80000, 0x00000007c0000000)
  eden space 924672K, 100% used [0x0000000718b00000,0x0000000751200000,0x0000000751200000)
  from space 15360K, 99% used [0x0000000769600000,0x000000076a4e3c18,0x000000076a500000)
  to   space 24064K, 0% used [0x000000076a500000,0x000000076a500000,0x000000076bc80000)
 ParOldGen       total 909312K, used 161041K [0x00000005ca000000, 0x0000000601800000, 0x0000000718b00000)
  object space 909312K, 17% used [0x00000005ca000000,0x00000005d3d44768,0x0000000601800000)
 Metaspace       used 115117K, capacity 124932K, committed 125184K, reserved 1159168K
  class space    used 13205K, capacity 16045K, committed 16128K, reserved 1048576K
Event: 5399,912 GC heap after
Heap after GC invocations=64 (full 4):
 PSYoungGen      total 915456K, used 14989K [0x0000000718b00000, 0x000000076b400000, 0x00000007c0000000)
  eden space 900096K, 0% used [0x0000000718b00000,0x0000000718b00000,0x000000074fa00000)
  from space 15360K, 97% used [0x000000076a500000,0x000000076b3a3410,0x000000076b400000)
  to   space 27648K, 0% used [0x0000000767e00000,0x0000000767e00000,0x0000000769900000)
 ParOldGen       total 909312K, used 161049K [0x00000005ca000000, 0x0000000601800000, 0x0000000718b00000)
  object space 909312K, 17% used [0x00000005ca000000,0x00000005d3d46768,0x0000000601800000)
 Metaspace       used 115117K, capacity 124932K, committed 125184K, reserved 1159168K
  class space    used 13205K, capacity 16045K, committed 16128K, reserved 1048576K
}
Event: 5829,290 GC heap before
{Heap before GC invocations=65 (full 4):
 PSYoungGen      total 915456K, used 915085K [0x0000000718b00000, 0x000000076b400000, 0x00000007c0000000)
  eden space 900096K, 100% used [0x0000000718b00000,0x000000074fa00000,0x000000074fa00000)
  from space 15360K, 97% used [0x000000076a500000,0x000000076b3a3410,0x000000076b400000)
  to   space 27648K, 0% used [0x0000000767e00000,0x0000000767e00000,0x0000000769900000)
 ParOldGen       total 909312K, used 161049K [0x00000005ca000000, 0x0000000601800000, 0x0000000718b00000)
  object space 909312K, 17% used [0x00000005ca000000,0x00000005d3d46768,0x0000000601800000)
 Metaspace       used 115722K, capacity 125716K, committed 125824K, reserved 1159168K
  class space    used 13241K, capacity 16154K, committed 16256K, reserved 1048576K
Event: 5829,298 GC heap after
Heap after GC invocations=65 (full 4):
 PSYoungGen      total 896512K, used 19658K [0x0000000718b00000, 0x000000076a580000, 0x00000007c0000000)
  eden space 876544K, 0% used [0x0000000718b00000,0x0000000718b00000,0x000000074e300000)
  from space 19968K, 98% used [0x0000000767e00000,0x0000000769132888,0x0000000769180000)
  to   space 20480K, 0% used [0x0000000769180000,0x0000000769180000,0x000000076a580000)
 ParOldGen       total 909312K, used 161057K [0x00000005ca000000, 0x0000000601800000, 0x0000000718b00000)
  object space 909312K, 17% used [0x00000005ca000000,0x00000005d3d48768,0x0000000601800000)
 Metaspace       used 115722K, capacity 125716K, committed 125824K, reserved 1159168K
  class space    used 13241K, capacity 16154K, committed 16256K, reserved 1048576K
}
Event: 12190,930 GC heap before
{Heap before GC invocations=66 (full 4):
 PSYoungGen      total 896512K, used 896202K [0x0000000718b00000, 0x000000076a580000, 0x00000007c0000000)
  eden space 876544K, 100% used [0x0000000718b00000,0x000000074e300000,0x000000074e300000)
  from space 19968K, 98% used [0x0000000767e00000,0x0000000769132888,0x0000000769180000)
  to   space 20480K, 0% used [0x0000000769180000,0x0000000769180000,0x000000076a580000)
 ParOldGen       total 909312K, used 161057K [0x00000005ca000000, 0x0000000601800000, 0x0000000718b00000)
  object space 909312K, 17% used [0x00000005ca000000,0x00000005d3d48768,0x0000000601800000)
 Metaspace       used 117322K, capacity 127266K, committed 127488K, reserved 1161216K
  class space    used 13383K, capacity 16298K, committed 16384K, reserved 1048576K
Event: 12190,943 GC heap after
Heap after GC invocations=66 (full 4):
 PSYoungGen      total 872960K, used 18933K [0x0000000718b00000, 0x000000076a400000, 0x00000007c0000000)
  eden space 854016K, 0% used [0x0000000718b00000,0x0000000718b00000,0x000000074cd00000)
  from space 18944K, 99% used [0x0000000769180000,0x000000076a3fd710,0x000000076a400000)
  to   space 26624K, 0% used [0x0000000767000000,0x0000000767000000,0x0000000768a00000)
 ParOldGen       total 909312K, used 161065K [0x00000005ca000000, 0x0000000601800000, 0x0000000718b00000)
  object space 909312K, 17% used [0x00000005ca000000,0x00000005d3d4a768,0x0000000601800000)
 Metaspace       used 117322K, capacity 127266K, committed 127488K, reserved 1161216K
  class space    used 13383K, capacity 16298K, committed 16384K, reserved 1048576K
}

