# JRE version: Java(TM) SE Runtime Environment (8.0_151-b12) (build 1.8.0_151-b12)
# Java VM: Java HotSpot(TM) 64-Bit Server VM (25.151-b12 mixed mode linux-amd64 compressed oops)
Heap:
 PSYoungGen      total 1469440K, used 429882K [0x0000000718b00000, 0x0000000777700000, 0x00000007c0000000)
  eden space 1431552K, 29% used [0x0000000718b00000,0x00000007323ab0d0,0x0000000770100000)
  from space 37888K, 30% used [0x0000000770100000,0x0000000770c23ad0,0x0000000772600000)
  to   space 37888K, 0% used [0x0000000775200000,0x0000000775200000,0x0000000777700000)
 ParOldGen       total 891904K, used 118457K [0x00000005ca000000, 0x0000000600700000, 0x0000000718b00000)
  object space 891904K, 13% used [0x00000005ca000000,0x00000005d13ae670,0x0000000600700000)
 Metaspace       used 114449K, capacity 124338K, committed 124544K, reserved 1157120K
  class space    used 13313K, capacity 16233K, committed 16256K, reserved 1048576K
GC Heap History (10 events):
Event: 107,815 GC heap before
{Heap before GC invocations=51 (full 4):
 PSYoungGen      total 1354240K, used 1337765K [0x0000000718b00000, 0x000000076df80000, 0x00000007c0000000)
  eden space 1312256K, 100% used [0x0000000718b00000,0x0000000768c80000,0x0000000768c80000)
  from space 41984K, 60% used [0x000000076b680000,0x000000076cf696b0,0x000000076df80000)
  to   space 42496K, 0% used [0x0000000768c80000,0x0000000768c80000,0x000000076b600000)
 ParOldGen       total 891904K, used 94878K [0x00000005ca000000, 0x0000000600700000, 0x0000000718b00000)
  object space 891904K, 10% used [0x00000005ca000000,0x00000005cfca78c0,0x0000000600700000)
 Metaspace       used 110943K, capacity 120594K, committed 120832K, reserved 1155072K
  class space    used 13013K, capacity 15866K, committed 15872K, reserved 1048576K
Event: 107,826 GC heap after
Heap after GC invocations=51 (full 4):
 PSYoungGen      total 1354752K, used 19891K [0x0000000718b00000, 0x0000000772300000, 0x00000007c0000000)
  eden space 1312256K, 0% used [0x0000000718b00000,0x0000000718b00000,0x0000000768c80000)
  from space 42496K, 46% used [0x0000000768c80000,0x0000000769fecdf0,0x000000076b600000)
  to   space 40960K, 0% used [0x000000076fb00000,0x000000076fb00000,0x0000000772300000)
 ParOldGen       total 891904K, used 101076K [0x00000005ca000000, 0x0000000600700000, 0x0000000718b00000)
  object space 891904K, 11% used [0x00000005ca000000,0x00000005d02b5330,0x0000000600700000)
 Metaspace       used 110943K, capacity 120594K, committed 120832K, reserved 1155072K
  class space    used 13013K, capacity 15866K, committed 15872K, reserved 1048576K
}
Event: 109,556 GC heap before
{Heap before GC invocations=52 (full 4):
 PSYoungGen      total 1354752K, used 1332147K [0x0000000718b00000, 0x0000000772300000, 0x00000007c0000000)
  eden space 1312256K, 100% used [0x0000000718b00000,0x0000000768c80000,0x0000000768c80000)
  from space 42496K, 46% used [0x0000000768c80000,0x0000000769fecdf0,0x000000076b600000)
  to   space 40960K, 0% used [0x000000076fb00000,0x000000076fb00000,0x0000000772300000)
 ParOldGen       total 891904K, used 101076K [0x00000005ca000000, 0x0000000600700000, 0x0000000718b00000)
  object space 891904K, 11% used [0x00000005ca000000,0x00000005d02b5330,0x0000000600700000)
 Metaspace       used 110968K, capacity 120594K, committed 120832K, reserved 1155072K
  class space    used 13013K, capacity 15866K, committed 15872K, reserved 1048576K
Event: 109,568 GC heap after
Heap after GC invocations=52 (full 4):
 PSYoungGen      total 1406976K, used 20300K [0x0000000718b00000, 0x0000000771880000, 0x00000007c0000000)
  eden space 1376768K, 0% used [0x0000000718b00000,0x0000000718b00000,0x000000076cb80000)
  from space 30208K, 67% used [0x000000076fb00000,0x0000000770ed31e0,0x0000000771880000)
  to   space 39424K, 0% used [0x000000076cb80000,0x000000076cb80000,0x000000076f200000)
 ParOldGen       total 891904K, used 105767K [0x00000005ca000000, 0x0000000600700000, 0x0000000718b00000)
  object space 891904K, 11% used [0x00000005ca000000,0x00000005d0749d30,0x0000000600700000)
 Metaspace       used 110968K, capacity 120594K, committed 120832K, reserved 1155072K
  class space    used 13013K, capacity 15866K, committed 15872K, reserved 1048576K
}
Event: 110,665 GC heap before
{Heap before GC invocations=53 (full 4):
 PSYoungGen      total 1406976K, used 1397068K [0x0000000718b00000, 0x0000000771880000, 0x00000007c0000000)
  eden space 1376768K, 100% used [0x0000000718b00000,0x000000076cb80000,0x000000076cb80000)
  from space 30208K, 67% used [0x000000076fb00000,0x0000000770ed31e0,0x0000000771880000)
  to   space 39424K, 0% used [0x000000076cb80000,0x000000076cb80000,0x000000076f200000)
 ParOldGen       total 891904K, used 105767K [0x00000005ca000000, 0x0000000600700000, 0x0000000718b00000)
  object space 891904K, 11% used [0x00000005ca000000,0x00000005d0749d30,0x0000000600700000)
 Metaspace       used 111237K, capacity 120850K, committed 121088K, reserved 1155072K
  class space    used 13013K, capacity 15866K, committed 15872K, reserved 1048576K
Event: 110,674 GC heap after
Heap after GC invocations=53 (full 4):
 PSYoungGen      total 1416192K, used 13101K [0x0000000718b00000, 0x0000000775280000, 0x00000007c0000000)
  eden space 1376768K, 0% used [0x0000000718b00000,0x0000000718b00000,0x000000076cb80000)
  from space 39424K, 33% used [0x000000076cb80000,0x000000076d84b610,0x000000076f200000)
  to   space 39424K, 0% used [0x0000000772c00000,0x0000000772c00000,0x0000000775280000)
 ParOldGen       total 891904K, used 110303K [0x00000005ca000000, 0x0000000600700000, 0x0000000718b00000)
  object space 891904K, 12% used [0x00000005ca000000,0x00000005d0bb7d30,0x0000000600700000)
 Metaspace       used 111237K, capacity 120850K, committed 121088K, reserved 1155072K
  class space    used 13013K, capacity 15866K, committed 15872K, reserved 1048576K
}
Event: 113,034 GC heap before
{Heap before GC invocations=54 (full 4):
 PSYoungGen      total 1416192K, used 1389869K [0x0000000718b00000, 0x0000000775280000, 0x00000007c0000000)
  eden space 1376768K, 100% used [0x0000000718b00000,0x000000076cb80000,0x000000076cb80000)
  from space 39424K, 33% used [0x000000076cb80000,0x000000076d84b610,0x000000076f200000)
  to   space 39424K, 0% used [0x0000000772c00000,0x0000000772c00000,0x0000000775280000)
 ParOldGen       total 891904K, used 110303K [0x00000005ca000000, 0x0000000600700000, 0x0000000718b00000)
  object space 891904K, 12% used [0x00000005ca000000,0x00000005d0bb7d30,0x0000000600700000)
 Metaspace       used 111303K, capacity 120914K, committed 121088K, reserved 1155072K
  class space    used 13014K, capacity 15866K, committed 15872K, reserved 1048576K
Event: 113,051 GC heap after
Heap after GC invocations=54 (full 4):
 PSYoungGen      total 1463296K, used 19298K [0x0000000718b00000, 0x0000000774b00000, 0x00000007c0000000)
  eden space 1431552K, 0% used [0x0000000718b00000,0x0000000718b00000,0x0000000770100000)
  from space 31744K, 60% used [0x0000000772c00000,0x0000000773ed8b68,0x0000000774b00000)
  to   space 37888K, 0% used [0x0000000770100000,0x0000000770100000,0x0000000772600000)
 ParOldGen       total 891904K, used 112129K [0x00000005ca000000, 0x0000000600700000, 0x0000000718b00000)
  object space 891904K, 12% used [0x00000005ca000000,0x00000005d0d80550,0x0000000600700000)
 Metaspace       used 111303K, capacity 120914K, committed 121088K, reserved 1155072K
  class space    used 13014K, capacity 15866K, committed 15872K, reserved 1048576K
}
Event: 270,432 GC heap before
{Heap before GC invocations=55 (full 4):
 PSYoungGen      total 1463296K, used 1450850K [0x0000000718b00000, 0x0000000774b00000, 0x00000007c0000000)
  eden space 1431552K, 100% used [0x0000000718b00000,0x0000000770100000,0x0000000770100000)
  from space 31744K, 60% used [0x0000000772c00000,0x0000000773ed8b68,0x0000000774b00000)
  to   space 37888K, 0% used [0x0000000770100000,0x0000000770100000,0x0000000772600000)
 ParOldGen       total 891904K, used 112129K [0x00000005ca000000, 0x0000000600700000, 0x0000000718b00000)
  object space 891904K, 12% used [0x00000005ca000000,0x00000005d0d80550,0x0000000600700000)
 Metaspace       used 111725K, capacity 121420K, committed 121728K, reserved 1155072K
  class space    used 13033K, capacity 15901K, committed 16000K, reserved 1048576K
Event: 270,447 GC heap after
Heap after GC invocations=55 (full 4):
 PSYoungGen      total 1469440K, used 11406K [0x0000000718b00000, 0x0000000777700000, 0x00000007c0000000)
  eden space 1431552K, 0% used [0x0000000718b00000,0x0000000718b00000,0x0000000770100000)
  from space 37888K, 30% used [0x0000000770100000,0x0000000770c23ad0,0x0000000772600000)
  to   space 37888K, 0% used [0x0000000775200000,0x0000000775200000,0x0000000777700000)
 ParOldGen       total 891904K, used 118457K [0x00000005ca000000, 0x0000000600700000, 0x0000000718b00000)
  object space 891904K, 13% used [0x00000005ca000000,0x00000005d13ae670,0x0000000600700000)
 Metaspace       used 111725K, capacity 121420K, committed 121728K, reserved 1155072K
  class space    used 13033K, capacity 15901K, committed 16000K, reserved 1048576K
}

