# JRE version: Java(TM) SE Runtime Environment (8.0_151-b12) (build 1.8.0_151-b12)
# Java VM: Java HotSpot(TM) 64-Bit Server VM (25.151-b12 mixed mode linux-amd64 compressed oops)
Heap:
 PSYoungGen      total 1459712K, used 598688K [0x0000000718b00000, 0x0000000775780000, 0x00000007c0000000)
  eden space 1435648K, 40% used [0x0000000718b00000,0x000000073bc65dd0,0x0000000770500000)
  from space 24064K, 98% used [0x0000000773380000,0x0000000774ac2570,0x0000000774b00000)
  to   space 12800K, 0% used [0x0000000774b00000,0x0000000774b00000,0x0000000775780000)
 ParOldGen       total 892928K, used 109918K [0x00000005ca000000, 0x0000000600800000, 0x0000000718b00000)
  object space 892928K, 12% used [0x00000005ca000000,0x00000005d0b579a0,0x0000000600800000)
 Metaspace       used 114542K, capacity 124422K, committed 124492K, reserved 1157120K
  class space    used 13293K, capacity 16186K, committed 16204K, reserved 1048576K
GC Heap History (10 events):
Event: 60,099 GC heap before
{Heap before GC invocations=49 (full 4):
 PSYoungGen      total 1391616K, used 1377226K [0x0000000718b00000, 0x000000076ff00000, 0x00000007c0000000)
  eden space 1356800K, 100% used [0x0000000718b00000,0x000000076b800000,0x000000076b800000)
  from space 34816K, 58% used [0x000000076dd00000,0x000000076f0f2a10,0x000000076ff00000)
  to   space 36352K, 0% used [0x000000076b800000,0x000000076b800000,0x000000076db80000)
 ParOldGen       total 892928K, used 96429K [0x00000005ca000000, 0x0000000600800000, 0x0000000718b00000)
  object space 892928K, 10% used [0x00000005ca000000,0x00000005cfe2b520,0x0000000600800000)
 Metaspace       used 108788K, capacity 118228K, committed 118348K, reserved 1153024K
  class space    used 12801K, capacity 15688K, committed 15692K, reserved 1048576K
Event: 60,109 GC heap after
Heap after GC invocations=49 (full 4):
 PSYoungGen      total 1393152K, used 20469K [0x0000000718b00000, 0x0000000773c80000, 0x00000007c0000000)
  eden space 1356800K, 0% used [0x0000000718b00000,0x0000000718b00000,0x000000076b800000)
  from space 36352K, 56% used [0x000000076b800000,0x000000076cbfd738,0x000000076db80000)
  to   space 34816K, 0% used [0x0000000771a80000,0x0000000771a80000,0x0000000773c80000)
 ParOldGen       total 892928K, used 96965K [0x00000005ca000000, 0x0000000600800000, 0x0000000718b00000)
  object space 892928K, 10% used [0x00000005ca000000,0x00000005cfeb1530,0x0000000600800000)
 Metaspace       used 108788K, capacity 118228K, committed 118348K, reserved 1153024K
  class space    used 12801K, capacity 15688K, committed 15692K, reserved 1048576K
}
Event: 60,942 GC heap before
{Heap before GC invocations=50 (full 4):
 PSYoungGen      total 1393152K, used 1377269K [0x0000000718b00000, 0x0000000773c80000, 0x00000007c0000000)
  eden space 1356800K, 100% used [0x0000000718b00000,0x000000076b800000,0x000000076b800000)
  from space 36352K, 56% used [0x000000076b800000,0x000000076cbfd738,0x000000076db80000)
  to   space 34816K, 0% used [0x0000000771a80000,0x0000000771a80000,0x0000000773c80000)
 ParOldGen       total 892928K, used 96965K [0x00000005ca000000, 0x0000000600800000, 0x0000000718b00000)
  object space 892928K, 10% used [0x00000005ca000000,0x00000005cfeb1530,0x0000000600800000)
 Metaspace       used 108788K, capacity 118228K, committed 118348K, reserved 1153024K
  class space    used 12801K, capacity 15688K, committed 15692K, reserved 1048576K
Event: 60,952 GC heap after
Heap after GC invocations=50 (full 4):
 PSYoungGen      total 1455616K, used 20682K [0x0000000718b00000, 0x0000000773a80000, 0x00000007c0000000)
  eden space 1422848K, 0% used [0x0000000718b00000,0x0000000718b00000,0x000000076f880000)
  from space 32768K, 63% used [0x0000000771a80000,0x0000000772eb2a00,0x0000000773a80000)
  to   space 33792K, 0% used [0x000000076f880000,0x000000076f880000,0x0000000771980000)
 ParOldGen       total 892928K, used 97269K [0x00000005ca000000, 0x0000000600800000, 0x0000000718b00000)
  object space 892928K, 10% used [0x00000005ca000000,0x00000005cfefd530,0x0000000600800000)
 Metaspace       used 108788K, capacity 118228K, committed 118348K, reserved 1153024K
  class space    used 12801K, capacity 15688K, committed 15692K, reserved 1048576K
}
Event: 62,953 GC heap before
{Heap before GC invocations=51 (full 4):
 PSYoungGen      total 1455616K, used 1443530K [0x0000000718b00000, 0x0000000773a80000, 0x00000007c0000000)
  eden space 1422848K, 100% used [0x0000000718b00000,0x000000076f880000,0x000000076f880000)
  from space 32768K, 63% used [0x0000000771a80000,0x0000000772eb2a00,0x0000000773a80000)
  to   space 33792K, 0% used [0x000000076f880000,0x000000076f880000,0x0000000771980000)
 ParOldGen       total 892928K, used 97269K [0x00000005ca000000, 0x0000000600800000, 0x0000000718b00000)
  object space 892928K, 10% used [0x00000005ca000000,0x00000005cfefd530,0x0000000600800000)
 Metaspace       used 108844K, capacity 118292K, committed 118348K, reserved 1153024K
  class space    used 12802K, capacity 15688K, committed 15692K, reserved 1048576K
Event: 62,969 GC heap after
Heap after GC invocations=51 (full 4):
 PSYoungGen      total 1456640K, used 17900K [0x0000000718b00000, 0x0000000777700000, 0x00000007c0000000)
  eden space 1422848K, 0% used [0x0000000718b00000,0x0000000718b00000,0x000000076f880000)
  from space 33792K, 52% used [0x000000076f880000,0x00000007709fb208,0x0000000771980000)
  to   space 32768K, 0% used [0x0000000775700000,0x0000000775700000,0x0000000777700000)
 ParOldGen       total 892928K, used 104707K [0x00000005ca000000, 0x0000000600800000, 0x0000000718b00000)
  object space 892928K, 11% used [0x00000005ca000000,0x00000005d0640fa0,0x0000000600800000)
 Metaspace       used 108844K, capacity 118292K, committed 118348K, reserved 1153024K
  class space    used 12802K, capacity 15688K, committed 15692K, reserved 1048576K
}
Event: 65,647 GC heap before
{Heap before GC invocations=52 (full 4):
 PSYoungGen      total 1456640K, used 1440748K [0x0000000718b00000, 0x0000000777700000, 0x00000007c0000000)
  eden space 1422848K, 100% used [0x0000000718b00000,0x000000076f880000,0x000000076f880000)
  from space 33792K, 52% used [0x000000076f880000,0x00000007709fb208,0x0000000771980000)
  to   space 32768K, 0% used [0x0000000775700000,0x0000000775700000,0x0000000777700000)
 ParOldGen       total 892928K, used 104707K [0x00000005ca000000, 0x0000000600800000, 0x0000000718b00000)
  object space 892928K, 11% used [0x00000005ca000000,0x00000005d0640fa0,0x0000000600800000)
 Metaspace       used 108903K, capacity 118420K, committed 118604K, reserved 1153024K
  class space    used 12802K, capacity 15688K, committed 15692K, reserved 1048576K
Event: 65,668 GC heap after
Heap after GC invocations=52 (full 4):
 PSYoungGen      total 1512448K, used 23090K [0x0000000718b00000, 0x0000000777380000, 0x00000007c0000000)
  eden space 1483264K, 0% used [0x0000000718b00000,0x0000000718b00000,0x0000000773380000)
  from space 29184K, 79% used [0x0000000775700000,0x0000000776d8cba0,0x0000000777380000)
  to   space 32768K, 0% used [0x0000000773380000,0x0000000773380000,0x0000000775380000)
 ParOldGen       total 892928K, used 105483K [0x00000005ca000000, 0x0000000600800000, 0x0000000718b00000)
  object space 892928K, 11% used [0x00000005ca000000,0x00000005d0702fa0,0x0000000600800000)
 Metaspace       used 108903K, capacity 118420K, committed 118604K, reserved 1153024K
  class space    used 12802K, capacity 15688K, committed 15692K, reserved 1048576K
}
Event: 2130,421 GC heap before
{Heap before GC invocations=53 (full 4):
 PSYoungGen      total 1512448K, used 1506354K [0x0000000718b00000, 0x0000000777380000, 0x00000007c0000000)
  eden space 1483264K, 100% used [0x0000000718b00000,0x0000000773380000,0x0000000773380000)
  from space 29184K, 79% used [0x0000000775700000,0x0000000776d8cba0,0x0000000777380000)
  to   space 32768K, 0% used [0x0000000773380000,0x0000000773380000,0x0000000775380000)
 ParOldGen       total 892928K, used 105483K [0x00000005ca000000, 0x0000000600800000, 0x0000000718b00000)
  object space 892928K, 11% used [0x00000005ca000000,0x00000005d0702fa0,0x0000000600800000)
 Metaspace       used 112066K, capacity 121682K, committed 121932K, reserved 1155072K
  class space    used 13038K, capacity 15891K, committed 15948K, reserved 1048576K
Event: 2130,450 GC heap after
Heap after GC invocations=53 (full 4):
 PSYoungGen      total 1459712K, used 23817K [0x0000000718b00000, 0x0000000775780000, 0x00000007c0000000)
  eden space 1435648K, 0% used [0x0000000718b00000,0x0000000718b00000,0x0000000770500000)
  from space 24064K, 98% used [0x0000000773380000,0x0000000774ac2570,0x0000000774b00000)
  to   space 12800K, 0% used [0x0000000774b00000,0x0000000774b00000,0x0000000775780000)
 ParOldGen       total 892928K, used 109918K [0x00000005ca000000, 0x0000000600800000, 0x0000000718b00000)
  object space 892928K, 12% used [0x00000005ca000000,0x00000005d0b579a0,0x0000000600800000)
 Metaspace       used 112066K, capacity 121682K, committed 121932K, reserved 1155072K
  class space    used 13038K, capacity 15891K, committed 15948K, reserved 1048576K
}

