# JRE version: Java(TM) SE Runtime Environment (8.0_151-b12) (build 1.8.0_151-b12)
# Java VM: Java HotSpot(TM) 64-Bit Server VM (25.151-b12 mixed mode linux-amd64 compressed oops)
Heap:
 PSYoungGen      total 534528K, used 176692K [0x0000000718b00000, 0x000000073f100000, 0x00000007c0000000)
  eden space 485888K, 27% used [0x0000000718b00000,0x0000000720f08fe0,0x0000000736580000)
  from space 48640K, 85% used [0x0000000736580000,0x0000000738e04330,0x0000000739500000)
  to   space 50688K, 0% used [0x000000073bf80000,0x000000073bf80000,0x000000073f100000)
 ParOldGen       total 743936K, used 67813K [0x00000005ca000000, 0x00000005f7680000, 0x0000000718b00000)
  object space 743936K, 9% used [0x00000005ca000000,0x00000005ce239628,0x00000005f7680000)
 Metaspace       used 112396K, capacity 122438K, committed 122752K, reserved 1155072K
  class space    used 13157K, capacity 16150K, committed 16256K, reserved 1048576K
GC Heap History (10 events):
Event: 30,996 GC heap before
{Heap before GC invocations=17 (full 4):
 PSYoungGen      total 422400K, used 413158K [0x0000000718b00000, 0x0000000735a00000, 0x00000007c0000000)
  eden space 379392K, 100% used [0x0000000718b00000,0x000000072fd80000,0x000000072fd80000)
  from space 43008K, 78% used [0x0000000732800000,0x00000007348f9938,0x0000000735200000)
  to   space 43520K, 0% used [0x000000072fd80000,0x000000072fd80000,0x0000000732800000)
 ParOldGen       total 743936K, used 67773K [0x00000005ca000000, 0x00000005f7680000, 0x0000000718b00000)
  object space 743936K, 9% used [0x00000005ca000000,0x00000005ce22f628,0x00000005f7680000)
 Metaspace       used 109915K, capacity 119874K, committed 120192K, reserved 1153024K
  class space    used 12918K, capacity 15892K, committed 16000K, reserved 1048576K
Event: 31,014 GC heap after
Heap after GC invocations=17 (full 4):
 PSYoungGen      total 422912K, used 34733K [0x0000000718b00000, 0x0000000738680000, 0x00000007c0000000)
  eden space 379392K, 0% used [0x0000000718b00000,0x0000000718b00000,0x000000072fd80000)
  from space 43520K, 79% used [0x000000072fd80000,0x0000000731f6b4d0,0x0000000732800000)
  to   space 44032K, 0% used [0x0000000735b80000,0x0000000735b80000,0x0000000738680000)
 ParOldGen       total 743936K, used 67781K [0x00000005ca000000, 0x00000005f7680000, 0x0000000718b00000)
  object space 743936K, 9% used [0x00000005ca000000,0x00000005ce231628,0x00000005f7680000)
 Metaspace       used 109915K, capacity 119874K, committed 120192K, reserved 1153024K
  class space    used 12918K, capacity 15892K, committed 16000K, reserved 1048576K
}
Event: 32,006 GC heap before
{Heap before GC invocations=18 (full 4):
 PSYoungGen      total 422912K, used 414125K [0x0000000718b00000, 0x0000000738680000, 0x00000007c0000000)
  eden space 379392K, 100% used [0x0000000718b00000,0x000000072fd80000,0x000000072fd80000)
  from space 43520K, 79% used [0x000000072fd80000,0x0000000731f6b4d0,0x0000000732800000)
  to   space 44032K, 0% used [0x0000000735b80000,0x0000000735b80000,0x0000000738680000)
 ParOldGen       total 743936K, used 67781K [0x00000005ca000000, 0x00000005f7680000, 0x0000000718b00000)
  object space 743936K, 9% used [0x00000005ca000000,0x00000005ce231628,0x00000005f7680000)
 Metaspace       used 109990K, capacity 120002K, committed 120192K, reserved 1153024K
  class space    used 12920K, capacity 15892K, committed 16000K, reserved 1048576K
Event: 32,025 GC heap after
Heap after GC invocations=18 (full 4):
 PSYoungGen      total 474112K, used 37550K [0x0000000718b00000, 0x0000000738a00000, 0x00000007c0000000)
  eden space 430080K, 0% used [0x0000000718b00000,0x0000000718b00000,0x0000000732f00000)
  from space 44032K, 85% used [0x0000000735b80000,0x000000073802bac8,0x0000000738680000)
  to   space 45568K, 0% used [0x0000000732f00000,0x0000000732f00000,0x0000000735b80000)
 ParOldGen       total 743936K, used 67789K [0x00000005ca000000, 0x00000005f7680000, 0x0000000718b00000)
  object space 743936K, 9% used [0x00000005ca000000,0x00000005ce233628,0x00000005f7680000)
 Metaspace       used 109990K, capacity 120002K, committed 120192K, reserved 1153024K
  class space    used 12920K, capacity 15892K, committed 16000K, reserved 1048576K
}
Event: 33,294 GC heap before
{Heap before GC invocations=19 (full 4):
 PSYoungGen      total 474112K, used 467630K [0x0000000718b00000, 0x0000000738a00000, 0x00000007c0000000)
  eden space 430080K, 100% used [0x0000000718b00000,0x0000000732f00000,0x0000000732f00000)
  from space 44032K, 85% used [0x0000000735b80000,0x000000073802bac8,0x0000000738680000)
  to   space 45568K, 0% used [0x0000000732f00000,0x0000000732f00000,0x0000000735b80000)
 ParOldGen       total 743936K, used 67789K [0x00000005ca000000, 0x00000005f7680000, 0x0000000718b00000)
  object space 743936K, 9% used [0x00000005ca000000,0x00000005ce233628,0x00000005f7680000)
 Metaspace       used 110115K, capacity 120066K, committed 120192K, reserved 1153024K
  class space    used 12920K, capacity 15892K, committed 16000K, reserved 1048576K
Event: 33,312 GC heap after
Heap after GC invocations=19 (full 4):
 PSYoungGen      total 475648K, used 39032K [0x0000000718b00000, 0x000000073c300000, 0x00000007c0000000)
  eden space 430080K, 0% used [0x0000000718b00000,0x0000000718b00000,0x0000000732f00000)
  from space 45568K, 85% used [0x0000000732f00000,0x000000073551e018,0x0000000735b80000)
  to   space 47104K, 0% used [0x0000000739500000,0x0000000739500000,0x000000073c300000)
 ParOldGen       total 743936K, used 67797K [0x00000005ca000000, 0x00000005f7680000, 0x0000000718b00000)
  object space 743936K, 9% used [0x00000005ca000000,0x00000005ce235628,0x00000005f7680000)
 Metaspace       used 110115K, capacity 120066K, committed 120192K, reserved 1153024K
  class space    used 12920K, capacity 15892K, committed 16000K, reserved 1048576K
}
Event: 34,455 GC heap before
{Heap before GC invocations=20 (full 4):
 PSYoungGen      total 475648K, used 469112K [0x0000000718b00000, 0x000000073c300000, 0x00000007c0000000)
  eden space 430080K, 100% used [0x0000000718b00000,0x0000000732f00000,0x0000000732f00000)
  from space 45568K, 85% used [0x0000000732f00000,0x000000073551e018,0x0000000735b80000)
  to   space 47104K, 0% used [0x0000000739500000,0x0000000739500000,0x000000073c300000)
 ParOldGen       total 743936K, used 67797K [0x00000005ca000000, 0x00000005f7680000, 0x0000000718b00000)
  object space 743936K, 9% used [0x00000005ca000000,0x00000005ce235628,0x00000005f7680000)
 Metaspace       used 110177K, capacity 120130K, committed 120448K, reserved 1153024K
  class space    used 12920K, capacity 15892K, committed 16000K, reserved 1048576K
Event: 34,476 GC heap after
Heap after GC invocations=20 (full 4):
 PSYoungGen      total 532992K, used 40394K [0x0000000718b00000, 0x000000073c700000, 0x00000007c0000000)
  eden space 485888K, 0% used [0x0000000718b00000,0x0000000718b00000,0x0000000736580000)
  from space 47104K, 85% used [0x0000000739500000,0x000000073bc72a70,0x000000073c300000)
  to   space 48640K, 0% used [0x0000000736580000,0x0000000736580000,0x0000000739500000)
 ParOldGen       total 743936K, used 67805K [0x00000005ca000000, 0x00000005f7680000, 0x0000000718b00000)
  object space 743936K, 9% used [0x00000005ca000000,0x00000005ce237628,0x00000005f7680000)
 Metaspace       used 110177K, capacity 120130K, committed 120448K, reserved 1153024K
  class space    used 12920K, capacity 15892K, committed 16000K, reserved 1048576K
}
Event: 35,905 GC heap before
{Heap before GC invocations=21 (full 4):
 PSYoungGen      total 532992K, used 526282K [0x0000000718b00000, 0x000000073c700000, 0x00000007c0000000)
  eden space 485888K, 100% used [0x0000000718b00000,0x0000000736580000,0x0000000736580000)
  from space 47104K, 85% used [0x0000000739500000,0x000000073bc72a70,0x000000073c300000)
  to   space 48640K, 0% used [0x0000000736580000,0x0000000736580000,0x0000000739500000)
 ParOldGen       total 743936K, used 67805K [0x00000005ca000000, 0x00000005f7680000, 0x0000000718b00000)
  object space 743936K, 9% used [0x00000005ca000000,0x00000005ce237628,0x00000005f7680000)
 Metaspace       used 110298K, capacity 120258K, committed 120448K, reserved 1153024K
  class space    used 12920K, capacity 15892K, committed 16000K, reserved 1048576K
Event: 35,924 GC heap after
Heap after GC invocations=21 (full 4):
 PSYoungGen      total 534528K, used 41488K [0x0000000718b00000, 0x000000073f100000, 0x00000007c0000000)
  eden space 485888K, 0% used [0x0000000718b00000,0x0000000718b00000,0x0000000736580000)
  from space 48640K, 85% used [0x0000000736580000,0x0000000738e04330,0x0000000739500000)
  to   space 50688K, 0% used [0x000000073bf80000,0x000000073bf80000,0x000000073f100000)
 ParOldGen       total 743936K, used 67813K [0x00000005ca000000, 0x00000005f7680000, 0x0000000718b00000)
  object space 743936K, 9% used [0x00000005ca000000,0x00000005ce239628,0x00000005f7680000)
 Metaspace       used 110298K, capacity 120258K, committed 120448K, reserved 1153024K
  class space    used 12920K, capacity 15892K, committed 16000K, reserved 1048576K
}

